[23-Apr-2019 02:31:29 UTC] PHP Parse error:  syntax error, unexpected 'if' (T_IF), expecting ')' in /home/ubuntu/workspace/cst336/hw/hw4/api/findCountriesAPI.php on line 9
[23-Apr-2019 03:14:15 UTC] PHP Parse error:  syntax error, unexpected 'if' (T_IF), expecting ')' in /home/ubuntu/workspace/cst336/hw/hw4/api/findCountriesAPI.php on line 9
[23-Apr-2019 03:16:08 UTC] PHP Parse error:  syntax error, unexpected 'if' (T_IF), expecting ')' in /home/ubuntu/workspace/cst336/hw/hw4/api/findCountriesAPI.php on line 9
[23-Apr-2019 03:17:39 UTC] PHP Parse error:  syntax error, unexpected 'if' (T_IF), expecting ')' in /home/ubuntu/workspace/cst336/hw/hw4/api/findCountriesAPI.php on line 9
[23-Apr-2019 04:08:08 UTC] PHP Warning:  curl_exec() expects parameter 1 to be resource, null given in /home/ubuntu/workspace/cst336/hw/hw4/api/findCountriesAPI.php on line 51
[23-Apr-2019 04:08:08 UTC] PHP Stack trace:
[23-Apr-2019 04:08:08 UTC] PHP   1. {main}() /home/ubuntu/workspace/cst336/hw/hw4/api/findCountriesAPI.php:0
[23-Apr-2019 04:08:08 UTC] PHP   2. curl_exec() /home/ubuntu/workspace/cst336/hw/hw4/api/findCountriesAPI.php:51
[23-Apr-2019 04:08:08 UTC] PHP Warning:  curl_error() expects parameter 1 to be resource, null given in /home/ubuntu/workspace/cst336/hw/hw4/api/findCountriesAPI.php on line 52
[23-Apr-2019 04:08:08 UTC] PHP Stack trace:
[23-Apr-2019 04:08:08 UTC] PHP   1. {main}() /home/ubuntu/workspace/cst336/hw/hw4/api/findCountriesAPI.php:0
[23-Apr-2019 04:08:08 UTC] PHP   2. curl_error() /home/ubuntu/workspace/cst336/hw/hw4/api/findCountriesAPI.php:52
[23-Apr-2019 04:08:08 UTC] PHP Warning:  curl_close() expects parameter 1 to be resource, null given in /home/ubuntu/workspace/cst336/hw/hw4/api/findCountriesAPI.php on line 53
[23-Apr-2019 04:08:08 UTC] PHP Stack trace:
[23-Apr-2019 04:08:08 UTC] PHP   1. {main}() /home/ubuntu/workspace/cst336/hw/hw4/api/findCountriesAPI.php:0
[23-Apr-2019 04:08:08 UTC] PHP   2. curl_close() /home/ubuntu/workspace/cst336/hw/hw4/api/findCountriesAPI.php:53
[23-Apr-2019 07:13:00 UTC] PHP Fatal error:  Uncaught exception 'PDOException' with message 'SQLSTATE[42000]: Syntax error or access violation: 1064 You have an error in your SQL syntax; check the manual that corresponds to your MySQL server version for the right syntax to use near ' )' at line 2' in /home/ubuntu/workspace/cst336/hw/hw4/api/searchCountAPI.php:15
Stack trace:
#0 /home/ubuntu/workspace/cst336/hw/hw4/api/searchCountAPI.php(15): PDOStatement->execute()
#1 {main}
  thrown in /home/ubuntu/workspace/cst336/hw/hw4/api/searchCountAPI.php on line 15
[23-Apr-2019 07:19:30 UTC] PHP Fatal error:  Uncaught exception 'PDOException' with message 'SQLSTATE[42000]: Syntax error or access violation: 1064 You have an error in your SQL syntax; check the manual that corresponds to your MySQL server version for the right syntax to use near ' )' at line 2' in /home/ubuntu/workspace/cst336/hw/hw4/api/searchCountAPI.php:15
Stack trace:
#0 /home/ubuntu/workspace/cst336/hw/hw4/api/searchCountAPI.php(15): PDOStatement->execute()
#1 {main}
  thrown in /home/ubuntu/workspace/cst336/hw/hw4/api/searchCountAPI.php on line 15
[23-Apr-2019 07:20:44 UTC] PHP Fatal error:  Uncaught exception 'PDOException' with message 'SQLSTATE[42000]: Syntax error or access violation: 1064 You have an error in your SQL syntax; check the manual that corresponds to your MySQL server version for the right syntax to use near ' , )' at line 2' in /home/ubuntu/workspace/cst336/hw/hw4/api/searchCountAPI.php:14
Stack trace:
#0 /home/ubuntu/workspace/cst336/hw/hw4/api/searchCountAPI.php(14): PDOStatement->execute()
#1 {main}
  thrown in /home/ubuntu/workspace/cst336/hw/hw4/api/searchCountAPI.php on line 14
[23-Apr-2019 07:24:23 UTC] PHP Fatal error:  Uncaught exception 'PDOException' with message 'SQLSTATE[42000]: Syntax error or access violation: 1064 You have an error in your SQL syntax; check the manual that corresponds to your MySQL server version for the right syntax to use near ' )' at line 2' in /home/ubuntu/workspace/cst336/hw/hw4/api/searchCountAPI.php:14
Stack trace:
#0 /home/ubuntu/workspace/cst336/hw/hw4/api/searchCountAPI.php(14): PDOStatement->execute()
#1 {main}
  thrown in /home/ubuntu/workspace/cst336/hw/hw4/api/searchCountAPI.php on line 14
[23-Apr-2019 07:27:47 UTC] PHP Fatal error:  Uncaught exception 'PDOException' with message 'SQLSTATE[42S22]: Column not found: 1054 Unknown column 'india' in 'field list'' in /home/ubuntu/workspace/cst336/hw/hw4/api/searchCountAPI.php:10
Stack trace:
#0 /home/ubuntu/workspace/cst336/hw/hw4/api/searchCountAPI.php(10): PDOStatement->execute()
#1 {main}
  thrown in /home/ubuntu/workspace/cst336/hw/hw4/api/searchCountAPI.php on line 10
[23-Apr-2019 07:29:03 UTC] PHP Fatal error:  Uncaught exception 'PDOException' with message 'SQLSTATE[42S22]: Column not found: 1054 Unknown column 'India' in 'field list'' in /home/ubuntu/workspace/cst336/hw/hw4/api/searchCountAPI.php:10
Stack trace:
#0 /home/ubuntu/workspace/cst336/hw/hw4/api/searchCountAPI.php(10): PDOStatement->execute()
#1 {main}
  thrown in /home/ubuntu/workspace/cst336/hw/hw4/api/searchCountAPI.php on line 10
[23-Apr-2019 07:32:34 UTC] PHP Fatal error:  Uncaught exception 'PDOException' with message 'SQLSTATE[42S22]: Column not found: 1054 Unknown column 'India' in 'field list'' in /home/ubuntu/workspace/cst336/hw/hw4/api/searchCountAPI.php:9
Stack trace:
#0 /home/ubuntu/workspace/cst336/hw/hw4/api/searchCountAPI.php(9): PDOStatement->execute()
#1 {main}
  thrown in /home/ubuntu/workspace/cst336/hw/hw4/api/searchCountAPI.php on line 9
[23-Apr-2019 07:33:13 UTC] PHP Fatal error:  Uncaught exception 'PDOException' with message 'SQLSTATE[42S22]: Column not found: 1054 Unknown column 'India' in 'field list'' in /home/ubuntu/workspace/cst336/hw/hw4/api/searchCountAPI.php:9
Stack trace:
#0 /home/ubuntu/workspace/cst336/hw/hw4/api/searchCountAPI.php(9): PDOStatement->execute()
#1 {main}
  thrown in /home/ubuntu/workspace/cst336/hw/hw4/api/searchCountAPI.php on line 9
[23-Apr-2019 07:33:23 UTC] PHP Fatal error:  Uncaught exception 'PDOException' with message 'SQLSTATE[21S01]: Insert value list does not match column list: 1136 Column count doesn't match value count at row 1' in /home/ubuntu/workspace/cst336/hw/hw4/api/searchCountAPI.php:9
Stack trace:
#0 /home/ubuntu/workspace/cst336/hw/hw4/api/searchCountAPI.php(9): PDOStatement->execute()
#1 {main}
  thrown in /home/ubuntu/workspace/cst336/hw/hw4/api/searchCountAPI.php on line 9
[23-Apr-2019 07:33:32 UTC] PHP Fatal error:  Uncaught exception 'PDOException' with message 'SQLSTATE[42S22]: Column not found: 1054 Unknown column 'India' in 'field list'' in /home/ubuntu/workspace/cst336/hw/hw4/api/searchCountAPI.php:9
Stack trace:
#0 /home/ubuntu/workspace/cst336/hw/hw4/api/searchCountAPI.php(9): PDOStatement->execute()
#1 {main}
  thrown in /home/ubuntu/workspace/cst336/hw/hw4/api/searchCountAPI.php on line 9
[23-Apr-2019 07:34:11 UTC] PHP Fatal error:  Uncaught exception 'PDOException' with message 'SQLSTATE[42S22]: Column not found: 1054 Unknown column 'india' in 'field list'' in /home/ubuntu/workspace/cst336/hw/hw4/api/searchCountAPI.php:9
Stack trace:
#0 /home/ubuntu/workspace/cst336/hw/hw4/api/searchCountAPI.php(9): PDOStatement->execute()
#1 {main}
  thrown in /home/ubuntu/workspace/cst336/hw/hw4/api/searchCountAPI.php on line 9
[23-Apr-2019 07:35:23 UTC] PHP Fatal error:  Uncaught exception 'PDOException' with message 'SQLSTATE[42S22]: Column not found: 1054 Unknown column 'india' in 'field list'' in /home/ubuntu/workspace/cst336/hw/hw4/api/searchCountAPI.php:9
Stack trace:
#0 /home/ubuntu/workspace/cst336/hw/hw4/api/searchCountAPI.php(9): PDOStatement->execute()
#1 {main}
  thrown in /home/ubuntu/workspace/cst336/hw/hw4/api/searchCountAPI.php on line 9
[23-Apr-2019 07:37:45 UTC] PHP Fatal error:  Uncaught exception 'PDOException' with message 'SQLSTATE[42S22]: Column not found: 1054 Unknown column 'India' in 'field list'' in /home/ubuntu/workspace/cst336/hw/hw4/api/searchCountAPI.php:11
Stack trace:
#0 /home/ubuntu/workspace/cst336/hw/hw4/api/searchCountAPI.php(11): PDOStatement->execute()
#1 {main}
  thrown in /home/ubuntu/workspace/cst336/hw/hw4/api/searchCountAPI.php on line 11
[23-Apr-2019 07:40:26 UTC] PHP Fatal error:  Uncaught exception 'PDOException' with message 'SQLSTATE[42S22]: Column not found: 1054 Unknown column 'India' in 'field list'' in /home/ubuntu/workspace/cst336/hw/hw4/api/searchCountAPI.php:11
Stack trace:
#0 /home/ubuntu/workspace/cst336/hw/hw4/api/searchCountAPI.php(11): PDOStatement->execute()
#1 {main}
  thrown in /home/ubuntu/workspace/cst336/hw/hw4/api/searchCountAPI.php on line 11
[23-Apr-2019 07:41:47 UTC] PHP Fatal error:  Uncaught exception 'PDOException' with message 'SQLSTATE[42S22]: Column not found: 1054 Unknown column 'India' in 'field list'' in /home/ubuntu/workspace/cst336/hw/hw4/api/searchCountAPI.php:11
Stack trace:
#0 /home/ubuntu/workspace/cst336/hw/hw4/api/searchCountAPI.php(11): PDOStatement->execute()
#1 {main}
  thrown in /home/ubuntu/workspace/cst336/hw/hw4/api/searchCountAPI.php on line 11
[23-Apr-2019 07:48:15 UTC] PHP Fatal error:  Uncaught exception 'PDOException' with message 'SQLSTATE[42S22]: Column not found: 1054 Unknown column 'India' in 'field list'' in /home/ubuntu/workspace/cst336/hw/hw4/api/searchCountAPI.php:11
Stack trace:
#0 /home/ubuntu/workspace/cst336/hw/hw4/api/searchCountAPI.php(11): PDOStatement->execute()
#1 {main}
  thrown in /home/ubuntu/workspace/cst336/hw/hw4/api/searchCountAPI.php on line 11
[23-Apr-2019 07:49:21 UTC] PHP Fatal error:  Uncaught exception 'PDOException' with message 'SQLSTATE[21S01]: Insert value list does not match column list: 1136 Column count doesn't match value count at row 1' in /home/ubuntu/workspace/cst336/hw/hw4/api/searchCountAPI.php:11
Stack trace:
#0 /home/ubuntu/workspace/cst336/hw/hw4/api/searchCountAPI.php(11): PDOStatement->execute()
#1 {main}
  thrown in /home/ubuntu/workspace/cst336/hw/hw4/api/searchCountAPI.php on line 11
[23-Apr-2019 07:49:33 UTC] PHP Fatal error:  Uncaught exception 'PDOException' with message 'SQLSTATE[42S22]: Column not found: 1054 Unknown column 'India' in 'field list'' in /home/ubuntu/workspace/cst336/hw/hw4/api/searchCountAPI.php:11
Stack trace:
#0 /home/ubuntu/workspace/cst336/hw/hw4/api/searchCountAPI.php(11): PDOStatement->execute()
#1 {main}
  thrown in /home/ubuntu/workspace/cst336/hw/hw4/api/searchCountAPI.php on line 11
[23-Apr-2019 07:49:52 UTC] PHP Fatal error:  Uncaught exception 'PDOException' with message 'SQLSTATE[42S22]: Column not found: 1054 Unknown column 'India' in 'field list'' in /home/ubuntu/workspace/cst336/hw/hw4/api/searchCountAPI.php:11
Stack trace:
#0 /home/ubuntu/workspace/cst336/hw/hw4/api/searchCountAPI.php(11): PDOStatement->execute()
#1 {main}
  thrown in /home/ubuntu/workspace/cst336/hw/hw4/api/searchCountAPI.php on line 11
[23-Apr-2019 07:49:55 UTC] PHP Fatal error:  Uncaught exception 'PDOException' with message 'SQLSTATE[42S22]: Column not found: 1054 Unknown column 'India' in 'field list'' in /home/ubuntu/workspace/cst336/hw/hw4/api/searchCountAPI.php:11
Stack trace:
#0 /home/ubuntu/workspace/cst336/hw/hw4/api/searchCountAPI.php(11): PDOStatement->execute()
#1 {main}
  thrown in /home/ubuntu/workspace/cst336/hw/hw4/api/searchCountAPI.php on line 11
[23-Apr-2019 07:49:56 UTC] PHP Fatal error:  Uncaught exception 'PDOException' with message 'SQLSTATE[42S22]: Column not found: 1054 Unknown column 'India' in 'field list'' in /home/ubuntu/workspace/cst336/hw/hw4/api/searchCountAPI.php:11
Stack trace:
#0 /home/ubuntu/workspace/cst336/hw/hw4/api/searchCountAPI.php(11): PDOStatement->execute()
#1 {main}
  thrown in /home/ubuntu/workspace/cst336/hw/hw4/api/searchCountAPI.php on line 11
[23-Apr-2019 07:49:57 UTC] PHP Fatal error:  Uncaught exception 'PDOException' with message 'SQLSTATE[42S22]: Column not found: 1054 Unknown column 'India' in 'field list'' in /home/ubuntu/workspace/cst336/hw/hw4/api/searchCountAPI.php:11
Stack trace:
#0 /home/ubuntu/workspace/cst336/hw/hw4/api/searchCountAPI.php(11): PDOStatement->execute()
#1 {main}
  thrown in /home/ubuntu/workspace/cst336/hw/hw4/api/searchCountAPI.php on line 11
[23-Apr-2019 07:49:57 UTC] PHP Fatal error:  Uncaught exception 'PDOException' with message 'SQLSTATE[42S22]: Column not found: 1054 Unknown column 'India' in 'field list'' in /home/ubuntu/workspace/cst336/hw/hw4/api/searchCountAPI.php:11
Stack trace:
#0 /home/ubuntu/workspace/cst336/hw/hw4/api/searchCountAPI.php(11): PDOStatement->execute()
#1 {main}
  thrown in /home/ubuntu/workspace/cst336/hw/hw4/api/searchCountAPI.php on line 11
[23-Apr-2019 07:49:57 UTC] PHP Fatal error:  Uncaught exception 'PDOException' with message 'SQLSTATE[42S22]: Column not found: 1054 Unknown column 'India' in 'field list'' in /home/ubuntu/workspace/cst336/hw/hw4/api/searchCountAPI.php:11
Stack trace:
#0 /home/ubuntu/workspace/cst336/hw/hw4/api/searchCountAPI.php(11): PDOStatement->execute()
#1 {main}
  thrown in /home/ubuntu/workspace/cst336/hw/hw4/api/searchCountAPI.php on line 11
[23-Apr-2019 07:49:58 UTC] PHP Fatal error:  Uncaught exception 'PDOException' with message 'SQLSTATE[42S22]: Column not found: 1054 Unknown column 'India' in 'field list'' in /home/ubuntu/workspace/cst336/hw/hw4/api/searchCountAPI.php:11
Stack trace:
#0 /home/ubuntu/workspace/cst336/hw/hw4/api/searchCountAPI.php(11): PDOStatement->execute()
#1 {main}
  thrown in /home/ubuntu/workspace/cst336/hw/hw4/api/searchCountAPI.php on line 11
[23-Apr-2019 07:49:58 UTC] PHP Fatal error:  Uncaught exception 'PDOException' with message 'SQLSTATE[42S22]: Column not found: 1054 Unknown column 'India' in 'field list'' in /home/ubuntu/workspace/cst336/hw/hw4/api/searchCountAPI.php:11
Stack trace:
#0 /home/ubuntu/workspace/cst336/hw/hw4/api/searchCountAPI.php(11): PDOStatement->execute()
#1 {main}
  thrown in /home/ubuntu/workspace/cst336/hw/hw4/api/searchCountAPI.php on line 11
[23-Apr-2019 07:49:58 UTC] PHP Fatal error:  Uncaught exception 'PDOException' with message 'SQLSTATE[42S22]: Column not found: 1054 Unknown column 'India' in 'field list'' in /home/ubuntu/workspace/cst336/hw/hw4/api/searchCountAPI.php:11
Stack trace:
#0 /home/ubuntu/workspace/cst336/hw/hw4/api/searchCountAPI.php(11): PDOStatement->execute()
#1 {main}
  thrown in /home/ubuntu/workspace/cst336/hw/hw4/api/searchCountAPI.php on line 11
[23-Apr-2019 07:49:59 UTC] PHP Fatal error:  Uncaught exception 'PDOException' with message 'SQLSTATE[42S22]: Column not found: 1054 Unknown column 'India' in 'field list'' in /home/ubuntu/workspace/cst336/hw/hw4/api/searchCountAPI.php:11
Stack trace:
#0 /home/ubuntu/workspace/cst336/hw/hw4/api/searchCountAPI.php(11): PDOStatement->execute()
#1 {main}
  thrown in /home/ubuntu/workspace/cst336/hw/hw4/api/searchCountAPI.php on line 11
[23-Apr-2019 07:50:37 UTC] PHP Fatal error:  Uncaught exception 'PDOException' with message 'SQLSTATE[42S22]: Column not found: 1054 Unknown column 'China' in 'field list'' in /home/ubuntu/workspace/cst336/hw/hw4/api/searchCountAPI.php:11
Stack trace:
#0 /home/ubuntu/workspace/cst336/hw/hw4/api/searchCountAPI.php(11): PDOStatement->execute()
#1 {main}
  thrown in /home/ubuntu/workspace/cst336/hw/hw4/api/searchCountAPI.php on line 11
[23-Apr-2019 07:54:19 UTC] PHP Fatal error:  Uncaught exception 'PDOException' with message 'SQLSTATE[42000]: Syntax error or access violation: 1064 You have an error in your SQL syntax; check the manual that corresponds to your MySQL server version for the right syntax to use near '' at line 1' in /home/ubuntu/workspace/cst336/hw/hw4/api/searchCountAPI.php:17
Stack trace:
#0 /home/ubuntu/workspace/cst336/hw/hw4/api/searchCountAPI.php(17): PDOStatement->execute()
#1 {main}
  thrown in /home/ubuntu/workspace/cst336/hw/hw4/api/searchCountAPI.php on line 17
[23-Apr-2019 07:56:22 UTC] PHP Fatal error:  Uncaught exception 'PDOException' with message 'SQLSTATE[HY093]: Invalid parameter number: no parameters were bound' in /home/ubuntu/workspace/cst336/hw/hw4/api/searchCountAPI.php:17
Stack trace:
#0 /home/ubuntu/workspace/cst336/hw/hw4/api/searchCountAPI.php(17): PDOStatement->execute()
#1 {main}
  thrown in /home/ubuntu/workspace/cst336/hw/hw4/api/searchCountAPI.php on line 17
[23-Apr-2019 07:57:19 UTC] PHP Fatal error:  Uncaught exception 'PDOException' with message 'SQLSTATE[42S22]: Column not found: 1054 Unknown column 'COUNT' in 'field list'' in /home/ubuntu/workspace/cst336/hw/hw4/api/searchCountAPI.php:17
Stack trace:
#0 /home/ubuntu/workspace/cst336/hw/hw4/api/searchCountAPI.php(17): PDOStatement->execute(Array)
#1 {main}
  thrown in /home/ubuntu/workspace/cst336/hw/hw4/api/searchCountAPI.php on line 17
[23-Apr-2019 08:11:36 UTC] PHP Warning:  curl_exec() expects parameter 1 to be resource, null given in /home/ubuntu/workspace/cst336/hw/hw4/api/findCountriesAPI.php on line 23
[23-Apr-2019 08:11:36 UTC] PHP Stack trace:
[23-Apr-2019 08:11:36 UTC] PHP   1. {main}() /home/ubuntu/workspace/cst336/hw/hw4/api/findCountriesAPI.php:0
[23-Apr-2019 08:11:36 UTC] PHP   2. curl_exec() /home/ubuntu/workspace/cst336/hw/hw4/api/findCountriesAPI.php:23
[23-Apr-2019 08:11:36 UTC] PHP Warning:  curl_error() expects parameter 1 to be resource, null given in /home/ubuntu/workspace/cst336/hw/hw4/api/findCountriesAPI.php on line 24
[23-Apr-2019 08:11:36 UTC] PHP Stack trace:
[23-Apr-2019 08:11:36 UTC] PHP   1. {main}() /home/ubuntu/workspace/cst336/hw/hw4/api/findCountriesAPI.php:0
[23-Apr-2019 08:11:36 UTC] PHP   2. curl_error() /home/ubuntu/workspace/cst336/hw/hw4/api/findCountriesAPI.php:24
[23-Apr-2019 08:11:36 UTC] PHP Warning:  curl_close() expects parameter 1 to be resource, null given in /home/ubuntu/workspace/cst336/hw/hw4/api/findCountriesAPI.php on line 25
[23-Apr-2019 08:11:36 UTC] PHP Stack trace:
[23-Apr-2019 08:11:36 UTC] PHP   1. {main}() /home/ubuntu/workspace/cst336/hw/hw4/api/findCountriesAPI.php:0
[23-Apr-2019 08:11:36 UTC] PHP   2. curl_close() /home/ubuntu/workspace/cst336/hw/hw4/api/findCountriesAPI.php:25
