[08-Mar-2019 01:45:40 UTC] PHP Fatal error:  Uncaught exception 'PDOException' with message 'SQLSTATE[42S22]: Column not found: 1054 Unknown column 'productPrice' in 'order clause'' in /home/ubuntu/workspace/cst336/labs/lab6/api/getProducts.php:16
Stack trace:
#0 /home/ubuntu/workspace/cst336/labs/lab6/api/getProducts.php(16): PDOStatement->execute()
#1 {main}
  thrown in /home/ubuntu/workspace/cst336/labs/lab6/api/getProducts.php on line 16
[12-Mar-2019 23:45:35 UTC] PHP Fatal error:  Uncaught exception 'PDOException' with message 'SQLSTATE[42S22]: Column not found: 1054 Unknown column 'productPrice' in 'order clause'' in /home/ubuntu/workspace/cst336/labs/lab6/api/getProducts.php:16
Stack trace:
#0 /home/ubuntu/workspace/cst336/labs/lab6/api/getProducts.php(16): PDOStatement->execute()
#1 {main}
  thrown in /home/ubuntu/workspace/cst336/labs/lab6/api/getProducts.php on line 16
[12-Mar-2019 23:58:40 UTC] PHP Fatal error:  Uncaught exception 'PDOException' with message 'SQLSTATE[42S22]: Column not found: 1054 Unknown column 'productPrice' in 'order clause'' in /home/ubuntu/workspace/cst336/labs/lab6/api/getProducts.php:16
Stack trace:
#0 /home/ubuntu/workspace/cst336/labs/lab6/api/getProducts.php(16): PDOStatement->execute()
#1 {main}
  thrown in /home/ubuntu/workspace/cst336/labs/lab6/api/getProducts.php on line 16
[15-Mar-2019 00:19:14 UTC] PHP Fatal error:  Uncaught exception 'PDOException' with message 'SQLSTATE[42S22]: Column not found: 1054 Unknown column 'productPrice' in 'order clause'' in /home/ubuntu/workspace/cst336/labs/lab6/api/getProducts.php:16
Stack trace:
#0 /home/ubuntu/workspace/cst336/labs/lab6/api/getProducts.php(16): PDOStatement->execute()
#1 {main}
  thrown in /home/ubuntu/workspace/cst336/labs/lab6/api/getProducts.php on line 16
[15-Mar-2019 00:19:15 UTC] PHP Fatal error:  Call to a member function prepare() on a non-object in /home/ubuntu/workspace/cst336/labs/lab6/api/getSearchResults.php on line 23
[15-Mar-2019 00:19:15 UTC] PHP Stack trace:
[15-Mar-2019 00:19:15 UTC] PHP   1. {main}() /home/ubuntu/workspace/cst336/labs/lab6/api/getSearchResults.php:0
[15-Mar-2019 00:24:49 UTC] PHP Fatal error:  Uncaught exception 'PDOException' with message 'SQLSTATE[42S22]: Column not found: 1054 Unknown column 'productPrice' in 'order clause'' in /home/ubuntu/workspace/cst336/labs/lab6/api/getProducts.php:16
Stack trace:
#0 /home/ubuntu/workspace/cst336/labs/lab6/api/getProducts.php(16): PDOStatement->execute()
#1 {main}
  thrown in /home/ubuntu/workspace/cst336/labs/lab6/api/getProducts.php on line 16
[15-Mar-2019 00:24:49 UTC] PHP Fatal error:  Call to a member function prepare() on a non-object in /home/ubuntu/workspace/cst336/labs/lab6/api/getSearchResults.php on line 23
[15-Mar-2019 00:24:49 UTC] PHP Stack trace:
[15-Mar-2019 00:24:49 UTC] PHP   1. {main}() /home/ubuntu/workspace/cst336/labs/lab6/api/getSearchResults.php:0
[15-Mar-2019 00:28:25 UTC] PHP Fatal error:  Uncaught exception 'PDOException' with message 'SQLSTATE[42S22]: Column not found: 1054 Unknown column 'productPrice' in 'order clause'' in /home/ubuntu/workspace/cst336/labs/lab6/api/getProducts.php:16
Stack trace:
#0 /home/ubuntu/workspace/cst336/labs/lab6/api/getProducts.php(16): PDOStatement->execute()
#1 {main}
  thrown in /home/ubuntu/workspace/cst336/labs/lab6/api/getProducts.php on line 16
[15-Mar-2019 00:28:26 UTC] PHP Fatal error:  Uncaught exception 'PDOException' with message 'SQLSTATE[42S22]: Column not found: 1054 Unknown column 'productPrice' in 'order clause'' in /home/ubuntu/workspace/cst336/labs/lab6/api/getProducts.php:16
Stack trace:
#0 /home/ubuntu/workspace/cst336/labs/lab6/api/getProducts.php(16): PDOStatement->execute()
#1 {main}
  thrown in /home/ubuntu/workspace/cst336/labs/lab6/api/getProducts.php on line 16
[15-Mar-2019 00:28:26 UTC] PHP Fatal error:  Call to a member function prepare() on a non-object in /home/ubuntu/workspace/cst336/labs/lab6/api/getSearchResults.php on line 23
[15-Mar-2019 00:28:26 UTC] PHP Stack trace:
[15-Mar-2019 00:28:26 UTC] PHP   1. {main}() /home/ubuntu/workspace/cst336/labs/lab6/api/getSearchResults.php:0
[15-Mar-2019 00:32:32 UTC] PHP Fatal error:  Call to a member function prepare() on a non-object in /home/ubuntu/workspace/cst336/labs/lab6/api/getSearchResults.php on line 23
[15-Mar-2019 00:32:32 UTC] PHP Stack trace:
[15-Mar-2019 00:32:32 UTC] PHP   1. {main}() /home/ubuntu/workspace/cst336/labs/lab6/api/getSearchResults.php:0
[15-Mar-2019 00:36:55 UTC] PHP Fatal error:  Call to a member function prepare() on a non-object in /home/ubuntu/workspace/cst336/labs/lab6/api/getSearchResults.php on line 23
[15-Mar-2019 00:36:55 UTC] PHP Stack trace:
[15-Mar-2019 00:36:55 UTC] PHP   1. {main}() /home/ubuntu/workspace/cst336/labs/lab6/api/getSearchResults.php:0
[15-Mar-2019 00:37:57 UTC] PHP Fatal error:  Call to a member function prepare() on a non-object in /home/ubuntu/workspace/cst336/labs/lab6/api/getSearchResults.php on line 23
[15-Mar-2019 00:37:57 UTC] PHP Stack trace:
[15-Mar-2019 00:37:57 UTC] PHP   1. {main}() /home/ubuntu/workspace/cst336/labs/lab6/api/getSearchResults.php:0
[15-Mar-2019 00:37:59 UTC] PHP Fatal error:  Call to a member function prepare() on a non-object in /home/ubuntu/workspace/cst336/labs/lab6/api/getSearchResults.php on line 23
[15-Mar-2019 00:37:59 UTC] PHP Stack trace:
[15-Mar-2019 00:37:59 UTC] PHP   1. {main}() /home/ubuntu/workspace/cst336/labs/lab6/api/getSearchResults.php:0
[15-Mar-2019 00:38:18 UTC] PHP Fatal error:  Call to a member function prepare() on a non-object in /home/ubuntu/workspace/cst336/labs/lab6/api/getSearchResults.php on line 23
[15-Mar-2019 00:38:18 UTC] PHP Stack trace:
[15-Mar-2019 00:38:18 UTC] PHP   1. {main}() /home/ubuntu/workspace/cst336/labs/lab6/api/getSearchResults.php:0
[15-Mar-2019 00:38:34 UTC] PHP Fatal error:  Call to a member function prepare() on a non-object in /home/ubuntu/workspace/cst336/labs/lab6/api/getSearchResults.php on line 23
[15-Mar-2019 00:38:34 UTC] PHP Stack trace:
[15-Mar-2019 00:38:34 UTC] PHP   1. {main}() /home/ubuntu/workspace/cst336/labs/lab6/api/getSearchResults.php:0
[15-Mar-2019 00:40:12 UTC] PHP Fatal error:  Call to a member function prepare() on a non-object in /home/ubuntu/workspace/cst336/labs/lab6/api/getSearchResults.php on line 23
[15-Mar-2019 00:40:12 UTC] PHP Stack trace:
[15-Mar-2019 00:40:12 UTC] PHP   1. {main}() /home/ubuntu/workspace/cst336/labs/lab6/api/getSearchResults.php:0
[15-Mar-2019 00:41:40 UTC] PHP Fatal error:  Call to a member function prepare() on a non-object in /home/ubuntu/workspace/cst336/labs/lab6/api/getSearchResults.php on line 23
[15-Mar-2019 00:41:40 UTC] PHP Stack trace:
[15-Mar-2019 00:41:40 UTC] PHP   1. {main}() /home/ubuntu/workspace/cst336/labs/lab6/api/getSearchResults.php:0
[15-Mar-2019 00:41:45 UTC] PHP Fatal error:  Uncaught exception 'PDOException' with message 'SQLSTATE[42S22]: Column not found: 1054 Unknown column 'productPrice' in 'order clause'' in /home/ubuntu/workspace/cst336/labs/lab6/api/getProducts.php:16
Stack trace:
#0 /home/ubuntu/workspace/cst336/labs/lab6/api/getProducts.php(16): PDOStatement->execute()
#1 {main}
  thrown in /home/ubuntu/workspace/cst336/labs/lab6/api/getProducts.php on line 16
[15-Mar-2019 00:41:46 UTC] PHP Fatal error:  Call to a member function prepare() on a non-object in /home/ubuntu/workspace/cst336/labs/lab6/api/getSearchResults.php on line 23
[15-Mar-2019 00:41:46 UTC] PHP Stack trace:
[15-Mar-2019 00:41:46 UTC] PHP   1. {main}() /home/ubuntu/workspace/cst336/labs/lab6/api/getSearchResults.php:0
[22-Mar-2019 00:54:35 UTC] PHP Fatal error:  Uncaught exception 'PDOException' with message 'SQLSTATE[42S22]: Column not found: 1054 Unknown column 'productPrice' in 'order clause'' in /home/ubuntu/workspace/cst336/labs/lab6/api/getProducts.php:16
Stack trace:
#0 /home/ubuntu/workspace/cst336/labs/lab6/api/getProducts.php(16): PDOStatement->execute()
#1 {main}
  thrown in /home/ubuntu/workspace/cst336/labs/lab6/api/getProducts.php on line 16
[22-Mar-2019 00:56:36 UTC] PHP Fatal error:  Uncaught exception 'PDOException' with message 'SQLSTATE[42S22]: Column not found: 1054 Unknown column 'productPrice' in 'order clause'' in /home/ubuntu/workspace/cst336/labs/lab6/api/getProducts.php:16
Stack trace:
#0 /home/ubuntu/workspace/cst336/labs/lab6/api/getProducts.php(16): PDOStatement->execute()
#1 {main}
  thrown in /home/ubuntu/workspace/cst336/labs/lab6/api/getProducts.php on line 16
[22-Mar-2019 05:00:09 UTC] PHP Warning:  mysql_set_charset() expects parameter 2 to be resource, object given in /home/ubuntu/workspace/cst336/labs/lab6/api/getSearchResults.php on line 6
[22-Mar-2019 05:00:09 UTC] PHP Stack trace:
[22-Mar-2019 05:00:09 UTC] PHP   1. {main}() /home/ubuntu/workspace/cst336/labs/lab6/api/getSearchResults.php:0
[22-Mar-2019 05:00:09 UTC] PHP   2. mysql_set_charset() /home/ubuntu/workspace/cst336/labs/lab6/api/getSearchResults.php:6
[22-Mar-2019 05:00:55 UTC] PHP Warning:  mysql_set_charset() expects parameter 2 to be resource, array given in /home/ubuntu/workspace/cst336/labs/lab6/api/getSearchResults.php on line 29
[22-Mar-2019 05:00:55 UTC] PHP Stack trace:
[22-Mar-2019 05:00:55 UTC] PHP   1. {main}() /home/ubuntu/workspace/cst336/labs/lab6/api/getSearchResults.php:0
[22-Mar-2019 05:00:55 UTC] PHP   2. mysql_set_charset() /home/ubuntu/workspace/cst336/labs/lab6/api/getSearchResults.php:29
