[09-Apr-2019 23:48:20 UTC] PHP Fatal error:  Uncaught exception 'PDOException' with message 'SQLSTATE[42000]: Syntax error or access violation: 1064 You have an error in your SQL syntax; check the manual that corresponds to your MySQL server version for the right syntax to use near '' at line 1' in /home/ubuntu/workspace/cst336/labs/lab7/api/getProductInfoAPI.php:12
Stack trace:
#0 /home/ubuntu/workspace/cst336/labs/lab7/api/getProductInfoAPI.php(12): PDOStatement->execute()
#1 {main}
  thrown in /home/ubuntu/workspace/cst336/labs/lab7/api/getProductInfoAPI.php on line 12
[14-Apr-2019 06:07:02 UTC] PHP Fatal error:  Uncaught exception 'PDOException' with message 'SQLSTATE[23000]: Integrity constraint violation: 1062 Duplicate entry '0' for key 'PRIMARY'' in /home/ubuntu/workspace/cst336/labs/lab7/api/addProductsAPI.php:16
Stack trace:
#0 /home/ubuntu/workspace/cst336/labs/lab7/api/addProductsAPI.php(16): PDOStatement->execute(Array)
#1 {main}
  thrown in /home/ubuntu/workspace/cst336/labs/lab7/api/addProductsAPI.php on line 16
[14-Apr-2019 06:07:43 UTC] PHP Fatal error:  Uncaught exception 'PDOException' with message 'SQLSTATE[23000]: Integrity constraint violation: 1062 Duplicate entry '0' for key 'PRIMARY'' in /home/ubuntu/workspace/cst336/labs/lab7/api/addProductsAPI.php:16
Stack trace:
#0 /home/ubuntu/workspace/cst336/labs/lab7/api/addProductsAPI.php(16): PDOStatement->execute(Array)
#1 {main}
  thrown in /home/ubuntu/workspace/cst336/labs/lab7/api/addProductsAPI.php on line 16
[14-Apr-2019 06:08:44 UTC] PHP Fatal error:  Uncaught exception 'PDOException' with message 'SQLSTATE[23000]: Integrity constraint violation: 1062 Duplicate entry '0' for key 'PRIMARY'' in /home/ubuntu/workspace/cst336/labs/lab7/api/addProductsAPI.php:16
Stack trace:
#0 /home/ubuntu/workspace/cst336/labs/lab7/api/addProductsAPI.php(16): PDOStatement->execute(Array)
#1 {main}
  thrown in /home/ubuntu/workspace/cst336/labs/lab7/api/addProductsAPI.php on line 16
[14-Apr-2019 06:08:44 UTC] PHP Fatal error:  Uncaught exception 'PDOException' with message 'SQLSTATE[23000]: Integrity constraint violation: 1062 Duplicate entry '0' for key 'PRIMARY'' in /home/ubuntu/workspace/cst336/labs/lab7/api/addProductsAPI.php:16
Stack trace:
#0 /home/ubuntu/workspace/cst336/labs/lab7/api/addProductsAPI.php(16): PDOStatement->execute(Array)
#1 {main}
  thrown in /home/ubuntu/workspace/cst336/labs/lab7/api/addProductsAPI.php on line 16
[14-Apr-2019 06:08:44 UTC] PHP Fatal error:  Uncaught exception 'PDOException' with message 'SQLSTATE[23000]: Integrity constraint violation: 1062 Duplicate entry '0' for key 'PRIMARY'' in /home/ubuntu/workspace/cst336/labs/lab7/api/addProductsAPI.php:16
Stack trace:
#0 /home/ubuntu/workspace/cst336/labs/lab7/api/addProductsAPI.php(16): PDOStatement->execute(Array)
#1 {main}
  thrown in /home/ubuntu/workspace/cst336/labs/lab7/api/addProductsAPI.php on line 16
[14-Apr-2019 06:08:44 UTC] PHP Fatal error:  Uncaught exception 'PDOException' with message 'SQLSTATE[23000]: Integrity constraint violation: 1062 Duplicate entry '0' for key 'PRIMARY'' in /home/ubuntu/workspace/cst336/labs/lab7/api/addProductsAPI.php:16
Stack trace:
#0 /home/ubuntu/workspace/cst336/labs/lab7/api/addProductsAPI.php(16): PDOStatement->execute(Array)
#1 {main}
  thrown in /home/ubuntu/workspace/cst336/labs/lab7/api/addProductsAPI.php on line 16
[14-Apr-2019 06:08:44 UTC] PHP Fatal error:  Uncaught exception 'PDOException' with message 'SQLSTATE[23000]: Integrity constraint violation: 1062 Duplicate entry '0' for key 'PRIMARY'' in /home/ubuntu/workspace/cst336/labs/lab7/api/addProductsAPI.php:16
Stack trace:
#0 /home/ubuntu/workspace/cst336/labs/lab7/api/addProductsAPI.php(16): PDOStatement->execute(Array)
#1 {main}
  thrown in /home/ubuntu/workspace/cst336/labs/lab7/api/addProductsAPI.php on line 16
[14-Apr-2019 06:08:44 UTC] PHP Fatal error:  Uncaught exception 'PDOException' with message 'SQLSTATE[23000]: Integrity constraint violation: 1062 Duplicate entry '0' for key 'PRIMARY'' in /home/ubuntu/workspace/cst336/labs/lab7/api/addProductsAPI.php:16
Stack trace:
#0 /home/ubuntu/workspace/cst336/labs/lab7/api/addProductsAPI.php(16): PDOStatement->execute(Array)
#1 {main}
  thrown in /home/ubuntu/workspace/cst336/labs/lab7/api/addProductsAPI.php on line 16
[14-Apr-2019 06:08:45 UTC] PHP Fatal error:  Uncaught exception 'PDOException' with message 'SQLSTATE[23000]: Integrity constraint violation: 1062 Duplicate entry '0' for key 'PRIMARY'' in /home/ubuntu/workspace/cst336/labs/lab7/api/addProductsAPI.php:16
Stack trace:
#0 /home/ubuntu/workspace/cst336/labs/lab7/api/addProductsAPI.php(16): PDOStatement->execute(Array)
#1 {main}
  thrown in /home/ubuntu/workspace/cst336/labs/lab7/api/addProductsAPI.php on line 16
[14-Apr-2019 06:09:24 UTC] PHP Fatal error:  Uncaught exception 'PDOException' with message 'SQLSTATE[23000]: Integrity constraint violation: 1048 Column 'productName' cannot be null' in /home/ubuntu/workspace/cst336/labs/lab7/api/addProductsAPI.php:16
Stack trace:
#0 /home/ubuntu/workspace/cst336/labs/lab7/api/addProductsAPI.php(16): PDOStatement->execute(Array)
#1 {main}
  thrown in /home/ubuntu/workspace/cst336/labs/lab7/api/addProductsAPI.php on line 16
[14-Apr-2019 06:09:56 UTC] PHP Fatal error:  Uncaught exception 'PDOException' with message 'SQLSTATE[23000]: Integrity constraint violation: 1048 Column 'productDescription' cannot be null' in /home/ubuntu/workspace/cst336/labs/lab7/api/addProductsAPI.php:16
Stack trace:
#0 /home/ubuntu/workspace/cst336/labs/lab7/api/addProductsAPI.php(16): PDOStatement->execute(Array)
#1 {main}
  thrown in /home/ubuntu/workspace/cst336/labs/lab7/api/addProductsAPI.php on line 16
[14-Apr-2019 06:10:54 UTC] PHP Fatal error:  Uncaught exception 'PDOException' with message 'SQLSTATE[23000]: Integrity constraint violation: 1062 Duplicate entry '0' for key 'PRIMARY'' in /home/ubuntu/workspace/cst336/labs/lab7/api/addProductsAPI.php:16
Stack trace:
#0 /home/ubuntu/workspace/cst336/labs/lab7/api/addProductsAPI.php(16): PDOStatement->execute(Array)
#1 {main}
  thrown in /home/ubuntu/workspace/cst336/labs/lab7/api/addProductsAPI.php on line 16
[14-Apr-2019 06:16:40 UTC] PHP Fatal error:  Uncaught exception 'PDOException' with message 'SQLSTATE[23000]: Integrity constraint violation: 1062 Duplicate entry '0' for key 'PRIMARY'' in /home/ubuntu/workspace/cst336/labs/lab7/api/addProductsAPI.php:18
Stack trace:
#0 /home/ubuntu/workspace/cst336/labs/lab7/api/addProductsAPI.php(18): PDOStatement->execute(Array)
#1 {main}
  thrown in /home/ubuntu/workspace/cst336/labs/lab7/api/addProductsAPI.php on line 18
[14-Apr-2019 06:20:06 UTC] PHP Fatal error:  Uncaught exception 'PDOException' with message 'SQLSTATE[23000]: Integrity constraint violation: 1062 Duplicate entry '0' for key 'PRIMARY'' in /home/ubuntu/workspace/cst336/labs/lab7/api/addProductsAPI.php:18
Stack trace:
#0 /home/ubuntu/workspace/cst336/labs/lab7/api/addProductsAPI.php(18): PDOStatement->execute(Array)
#1 {main}
  thrown in /home/ubuntu/workspace/cst336/labs/lab7/api/addProductsAPI.php on line 18
[14-Apr-2019 06:23:17 UTC] PHP Fatal error:  Uncaught exception 'PDOException' with message 'SQLSTATE[23000]: Integrity constraint violation: 1062 Duplicate entry '0' for key 'PRIMARY'' in /home/ubuntu/workspace/cst336/labs/lab7/api/addProductsAPI.php:18
Stack trace:
#0 /home/ubuntu/workspace/cst336/labs/lab7/api/addProductsAPI.php(18): PDOStatement->execute(Array)
#1 {main}
  thrown in /home/ubuntu/workspace/cst336/labs/lab7/api/addProductsAPI.php on line 18
[14-Apr-2019 06:23:18 UTC] PHP Fatal error:  Uncaught exception 'PDOException' with message 'SQLSTATE[23000]: Integrity constraint violation: 1062 Duplicate entry '0' for key 'PRIMARY'' in /home/ubuntu/workspace/cst336/labs/lab7/api/addProductsAPI.php:18
Stack trace:
#0 /home/ubuntu/workspace/cst336/labs/lab7/api/addProductsAPI.php(18): PDOStatement->execute(Array)
#1 {main}
  thrown in /home/ubuntu/workspace/cst336/labs/lab7/api/addProductsAPI.php on line 18
[14-Apr-2019 06:23:19 UTC] PHP Fatal error:  Uncaught exception 'PDOException' with message 'SQLSTATE[23000]: Integrity constraint violation: 1062 Duplicate entry '0' for key 'PRIMARY'' in /home/ubuntu/workspace/cst336/labs/lab7/api/addProductsAPI.php:18
Stack trace:
#0 /home/ubuntu/workspace/cst336/labs/lab7/api/addProductsAPI.php(18): PDOStatement->execute(Array)
#1 {main}
  thrown in /home/ubuntu/workspace/cst336/labs/lab7/api/addProductsAPI.php on line 18
[14-Apr-2019 06:23:19 UTC] PHP Fatal error:  Uncaught exception 'PDOException' with message 'SQLSTATE[23000]: Integrity constraint violation: 1062 Duplicate entry '0' for key 'PRIMARY'' in /home/ubuntu/workspace/cst336/labs/lab7/api/addProductsAPI.php:18
Stack trace:
#0 /home/ubuntu/workspace/cst336/labs/lab7/api/addProductsAPI.php(18): PDOStatement->execute(Array)
#1 {main}
  thrown in /home/ubuntu/workspace/cst336/labs/lab7/api/addProductsAPI.php on line 18
[14-Apr-2019 06:23:19 UTC] PHP Fatal error:  Uncaught exception 'PDOException' with message 'SQLSTATE[23000]: Integrity constraint violation: 1062 Duplicate entry '0' for key 'PRIMARY'' in /home/ubuntu/workspace/cst336/labs/lab7/api/addProductsAPI.php:18
Stack trace:
#0 /home/ubuntu/workspace/cst336/labs/lab7/api/addProductsAPI.php(18): PDOStatement->execute(Array)
#1 {main}
  thrown in /home/ubuntu/workspace/cst336/labs/lab7/api/addProductsAPI.php on line 18
[14-Apr-2019 06:23:20 UTC] PHP Fatal error:  Uncaught exception 'PDOException' with message 'SQLSTATE[23000]: Integrity constraint violation: 1062 Duplicate entry '0' for key 'PRIMARY'' in /home/ubuntu/workspace/cst336/labs/lab7/api/addProductsAPI.php:18
Stack trace:
#0 /home/ubuntu/workspace/cst336/labs/lab7/api/addProductsAPI.php(18): PDOStatement->execute(Array)
#1 {main}
  thrown in /home/ubuntu/workspace/cst336/labs/lab7/api/addProductsAPI.php on line 18
[14-Apr-2019 06:23:20 UTC] PHP Fatal error:  Uncaught exception 'PDOException' with message 'SQLSTATE[23000]: Integrity constraint violation: 1062 Duplicate entry '0' for key 'PRIMARY'' in /home/ubuntu/workspace/cst336/labs/lab7/api/addProductsAPI.php:18
Stack trace:
#0 /home/ubuntu/workspace/cst336/labs/lab7/api/addProductsAPI.php(18): PDOStatement->execute(Array)
#1 {main}
  thrown in /home/ubuntu/workspace/cst336/labs/lab7/api/addProductsAPI.php on line 18
[14-Apr-2019 06:23:20 UTC] PHP Fatal error:  Uncaught exception 'PDOException' with message 'SQLSTATE[23000]: Integrity constraint violation: 1062 Duplicate entry '0' for key 'PRIMARY'' in /home/ubuntu/workspace/cst336/labs/lab7/api/addProductsAPI.php:18
Stack trace:
#0 /home/ubuntu/workspace/cst336/labs/lab7/api/addProductsAPI.php(18): PDOStatement->execute(Array)
#1 {main}
  thrown in /home/ubuntu/workspace/cst336/labs/lab7/api/addProductsAPI.php on line 18
[14-Apr-2019 06:23:20 UTC] PHP Fatal error:  Uncaught exception 'PDOException' with message 'SQLSTATE[23000]: Integrity constraint violation: 1062 Duplicate entry '0' for key 'PRIMARY'' in /home/ubuntu/workspace/cst336/labs/lab7/api/addProductsAPI.php:18
Stack trace:
#0 /home/ubuntu/workspace/cst336/labs/lab7/api/addProductsAPI.php(18): PDOStatement->execute(Array)
#1 {main}
  thrown in /home/ubuntu/workspace/cst336/labs/lab7/api/addProductsAPI.php on line 18
[14-Apr-2019 06:23:20 UTC] PHP Fatal error:  Uncaught exception 'PDOException' with message 'SQLSTATE[23000]: Integrity constraint violation: 1062 Duplicate entry '0' for key 'PRIMARY'' in /home/ubuntu/workspace/cst336/labs/lab7/api/addProductsAPI.php:18
Stack trace:
#0 /home/ubuntu/workspace/cst336/labs/lab7/api/addProductsAPI.php(18): PDOStatement->execute(Array)
#1 {main}
  thrown in /home/ubuntu/workspace/cst336/labs/lab7/api/addProductsAPI.php on line 18
[14-Apr-2019 06:25:46 UTC] PHP Fatal error:  Uncaught exception 'PDOException' with message 'SQLSTATE[23000]: Integrity constraint violation: 1048 Column 'productName' cannot be null' in /home/ubuntu/workspace/cst336/labs/lab7/api/addProductsAPI.php:18
Stack trace:
#0 /home/ubuntu/workspace/cst336/labs/lab7/api/addProductsAPI.php(18): PDOStatement->execute(Array)
#1 {main}
  thrown in /home/ubuntu/workspace/cst336/labs/lab7/api/addProductsAPI.php on line 18
[14-Apr-2019 06:25:56 UTC] PHP Fatal error:  Uncaught exception 'PDOException' with message 'SQLSTATE[23000]: Integrity constraint violation: 1048 Column 'productDescription' cannot be null' in /home/ubuntu/workspace/cst336/labs/lab7/api/addProductsAPI.php:18
Stack trace:
#0 /home/ubuntu/workspace/cst336/labs/lab7/api/addProductsAPI.php(18): PDOStatement->execute(Array)
#1 {main}
  thrown in /home/ubuntu/workspace/cst336/labs/lab7/api/addProductsAPI.php on line 18
[14-Apr-2019 06:26:16 UTC] PHP Fatal error:  Uncaught exception 'PDOException' with message 'SQLSTATE[23000]: Integrity constraint violation: 1048 Column 'productDescription' cannot be null' in /home/ubuntu/workspace/cst336/labs/lab7/api/addProductsAPI.php:18
Stack trace:
#0 /home/ubuntu/workspace/cst336/labs/lab7/api/addProductsAPI.php(18): PDOStatement->execute(Array)
#1 {main}
  thrown in /home/ubuntu/workspace/cst336/labs/lab7/api/addProductsAPI.php on line 18
