[28-Mar-2019 23:32:45 UTC] PHP Warning:  include(../../../inc/dbConnection.php): failed to open stream: No such file or directory in /home/ubuntu/workspace/midterm/api/getRandomQuestions.php on line 2
[28-Mar-2019 23:32:45 UTC] PHP Stack trace:
[28-Mar-2019 23:32:45 UTC] PHP   1. {main}() /home/ubuntu/workspace/midterm/api/getRandomQuestions.php:0
[28-Mar-2019 23:32:45 UTC] PHP Warning:  include(): Failed opening '../../../inc/dbConnection.php' for inclusion (include_path='.:/usr/share/php:/usr/share/pear') in /home/ubuntu/workspace/midterm/api/getRandomQuestions.php on line 2
[28-Mar-2019 23:32:45 UTC] PHP Stack trace:
[28-Mar-2019 23:32:45 UTC] PHP   1. {main}() /home/ubuntu/workspace/midterm/api/getRandomQuestions.php:0
[28-Mar-2019 23:32:45 UTC] PHP Fatal error:  Call to undefined function getDatabaseConnection() in /home/ubuntu/workspace/midterm/api/getRandomQuestions.php on line 3
[28-Mar-2019 23:32:45 UTC] PHP Stack trace:
[28-Mar-2019 23:32:45 UTC] PHP   1. {main}() /home/ubuntu/workspace/midterm/api/getRandomQuestions.php:0
[28-Mar-2019 23:33:49 UTC] PHP Warning:  include(../../inc/dbConnection.php): failed to open stream: No such file or directory in /home/ubuntu/workspace/midterm/api/getRandomQuestions.php on line 2
[28-Mar-2019 23:33:49 UTC] PHP Stack trace:
[28-Mar-2019 23:33:49 UTC] PHP   1. {main}() /home/ubuntu/workspace/midterm/api/getRandomQuestions.php:0
[28-Mar-2019 23:33:49 UTC] PHP Warning:  include(): Failed opening '../../inc/dbConnection.php' for inclusion (include_path='.:/usr/share/php:/usr/share/pear') in /home/ubuntu/workspace/midterm/api/getRandomQuestions.php on line 2
[28-Mar-2019 23:33:49 UTC] PHP Stack trace:
[28-Mar-2019 23:33:49 UTC] PHP   1. {main}() /home/ubuntu/workspace/midterm/api/getRandomQuestions.php:0
[28-Mar-2019 23:33:49 UTC] PHP Fatal error:  Call to undefined function getDatabaseConnection() in /home/ubuntu/workspace/midterm/api/getRandomQuestions.php on line 3
[28-Mar-2019 23:33:49 UTC] PHP Stack trace:
[28-Mar-2019 23:33:49 UTC] PHP   1. {main}() /home/ubuntu/workspace/midterm/api/getRandomQuestions.php:0
[28-Mar-2019 23:34:51 UTC] PHP Warning:  include(../../inc/dbConnection.php): failed to open stream: No such file or directory in /home/ubuntu/workspace/midterm/api/getRandomQuestions.php on line 2
[28-Mar-2019 23:34:51 UTC] PHP Stack trace:
[28-Mar-2019 23:34:51 UTC] PHP   1. {main}() /home/ubuntu/workspace/midterm/api/getRandomQuestions.php:0
[28-Mar-2019 23:34:51 UTC] PHP Warning:  include(): Failed opening '../../inc/dbConnection.php' for inclusion (include_path='.:/usr/share/php:/usr/share/pear') in /home/ubuntu/workspace/midterm/api/getRandomQuestions.php on line 2
[28-Mar-2019 23:34:51 UTC] PHP Stack trace:
[28-Mar-2019 23:34:51 UTC] PHP   1. {main}() /home/ubuntu/workspace/midterm/api/getRandomQuestions.php:0
[28-Mar-2019 23:34:51 UTC] PHP Fatal error:  Call to undefined function getDatabaseConnection() in /home/ubuntu/workspace/midterm/api/getRandomQuestions.php on line 3
[28-Mar-2019 23:34:51 UTC] PHP Stack trace:
[28-Mar-2019 23:34:51 UTC] PHP   1. {main}() /home/ubuntu/workspace/midterm/api/getRandomQuestions.php:0
[28-Mar-2019 23:36:32 UTC] PHP Warning:  include(../inc/dbConnection.php): failed to open stream: No such file or directory in /home/ubuntu/workspace/midterm/api/getRandomQuestions.php on line 2
[28-Mar-2019 23:36:32 UTC] PHP Stack trace:
[28-Mar-2019 23:36:32 UTC] PHP   1. {main}() /home/ubuntu/workspace/midterm/api/getRandomQuestions.php:0
[28-Mar-2019 23:36:32 UTC] PHP Warning:  include(): Failed opening '../inc/dbConnection.php' for inclusion (include_path='.:/usr/share/php:/usr/share/pear') in /home/ubuntu/workspace/midterm/api/getRandomQuestions.php on line 2
[28-Mar-2019 23:36:32 UTC] PHP Stack trace:
[28-Mar-2019 23:36:32 UTC] PHP   1. {main}() /home/ubuntu/workspace/midterm/api/getRandomQuestions.php:0
[28-Mar-2019 23:36:32 UTC] PHP Fatal error:  Call to undefined function getDatabaseConnection() in /home/ubuntu/workspace/midterm/api/getRandomQuestions.php on line 3
[28-Mar-2019 23:36:32 UTC] PHP Stack trace:
[28-Mar-2019 23:36:32 UTC] PHP   1. {main}() /home/ubuntu/workspace/midterm/api/getRandomQuestions.php:0
[28-Mar-2019 23:37:03 UTC] PHP Warning:  include(../../inc/dbConnection.php): failed to open stream: No such file or directory in /home/ubuntu/workspace/midterm/api/getRandomQuestions.php on line 2
[28-Mar-2019 23:37:03 UTC] PHP Stack trace:
[28-Mar-2019 23:37:03 UTC] PHP   1. {main}() /home/ubuntu/workspace/midterm/api/getRandomQuestions.php:0
[28-Mar-2019 23:37:03 UTC] PHP Warning:  include(): Failed opening '../../inc/dbConnection.php' for inclusion (include_path='.:/usr/share/php:/usr/share/pear') in /home/ubuntu/workspace/midterm/api/getRandomQuestions.php on line 2
[28-Mar-2019 23:37:03 UTC] PHP Stack trace:
[28-Mar-2019 23:37:03 UTC] PHP   1. {main}() /home/ubuntu/workspace/midterm/api/getRandomQuestions.php:0
[28-Mar-2019 23:37:03 UTC] PHP Fatal error:  Call to undefined function getDatabaseConnection() in /home/ubuntu/workspace/midterm/api/getRandomQuestions.php on line 3
[28-Mar-2019 23:37:03 UTC] PHP Stack trace:
[28-Mar-2019 23:37:03 UTC] PHP   1. {main}() /home/ubuntu/workspace/midterm/api/getRandomQuestions.php:0
[29-Mar-2019 00:49:58 UTC] PHP Fatal error:  Uncaught exception 'PDOException' with message 'SQLSTATE[42000]: Syntax error or access violation: 1064 You have an error in your SQL syntax; check the manual that corresponds to your MySQL server version for the right syntax to use near 'AND questionId = NULL' at line 1' in /home/ubuntu/workspace/midterm/api/getAnswers.php:13
Stack trace:
#0 /home/ubuntu/workspace/midterm/api/getAnswers.php(13): PDOStatement->execute(Array)
#1 {main}
  thrown in /home/ubuntu/workspace/midterm/api/getAnswers.php on line 13
[29-Mar-2019 01:11:53 UTC] PHP Fatal error:  Uncaught exception 'PDOException' with message 'SQLSTATE[42000]: Syntax error or access violation: 1064 You have an error in your SQL syntax; check the manual that corresponds to your MySQL server version for the right syntax to use near 'AND questionId = '0'' at line 1' in /home/ubuntu/workspace/midterm/api/getAnswers.php:13
Stack trace:
#0 /home/ubuntu/workspace/midterm/api/getAnswers.php(13): PDOStatement->execute(Array)
#1 {main}
  thrown in /home/ubuntu/workspace/midterm/api/getAnswers.php on line 13
[29-Mar-2019 01:11:57 UTC] PHP Fatal error:  Uncaught exception 'PDOException' with message 'SQLSTATE[42000]: Syntax error or access violation: 1064 You have an error in your SQL syntax; check the manual that corresponds to your MySQL server version for the right syntax to use near 'AND questionId = '0'' at line 1' in /home/ubuntu/workspace/midterm/api/getAnswers.php:13
Stack trace:
#0 /home/ubuntu/workspace/midterm/api/getAnswers.php(13): PDOStatement->execute(Array)
#1 {main}
  thrown in /home/ubuntu/workspace/midterm/api/getAnswers.php on line 13
[29-Mar-2019 01:12:22 UTC] PHP Fatal error:  Uncaught exception 'PDOException' with message 'SQLSTATE[42000]: Syntax error or access violation: 1064 You have an error in your SQL syntax; check the manual that corresponds to your MySQL server version for the right syntax to use near 'AND questionId = '0'' at line 1' in /home/ubuntu/workspace/midterm/api/getAnswers.php:13
Stack trace:
#0 /home/ubuntu/workspace/midterm/api/getAnswers.php(13): PDOStatement->execute(Array)
#1 {main}
  thrown in /home/ubuntu/workspace/midterm/api/getAnswers.php on line 13
[29-Mar-2019 01:41:13 UTC] PHP Fatal error:  Uncaught exception 'PDOException' with message 'SQLSTATE[42000]: Syntax error or access violation: 1064 You have an error in your SQL syntax; check the manual that corresponds to your MySQL server version for the right syntax to use near 'AND questionId = '3'' at line 1' in /home/ubuntu/workspace/midterm/api/getAnswers.php:13
Stack trace:
#0 /home/ubuntu/workspace/midterm/api/getAnswers.php(13): PDOStatement->execute(Array)
#1 {main}
  thrown in /home/ubuntu/workspace/midterm/api/getAnswers.php on line 13
[29-Mar-2019 01:41:35 UTC] PHP Fatal error:  Uncaught exception 'PDOException' with message 'SQLSTATE[42000]: Syntax error or access violation: 1064 You have an error in your SQL syntax; check the manual that corresponds to your MySQL server version for the right syntax to use near 'AND questionId = '1'' at line 1' in /home/ubuntu/workspace/midterm/api/getAnswers.php:13
Stack trace:
#0 /home/ubuntu/workspace/midterm/api/getAnswers.php(13): PDOStatement->execute(Array)
#1 {main}
  thrown in /home/ubuntu/workspace/midterm/api/getAnswers.php on line 13
[29-Mar-2019 01:47:28 UTC] PHP Fatal error:  Uncaught exception 'PDOException' with message 'SQLSTATE[42000]: Syntax error or access violation: 1064 You have an error in your SQL syntax; check the manual that corresponds to your MySQL server version for the right syntax to use near 'AND questionId = '3'' at line 1' in /home/ubuntu/workspace/midterm/api/getAnswers.php:13
Stack trace:
#0 /home/ubuntu/workspace/midterm/api/getAnswers.php(13): PDOStatement->execute(Array)
#1 {main}
  thrown in /home/ubuntu/workspace/midterm/api/getAnswers.php on line 13
[29-Mar-2019 01:49:06 UTC] PHP Fatal error:  Uncaught exception 'PDOException' with message 'SQLSTATE[42000]: Syntax error or access violation: 1064 You have an error in your SQL syntax; check the manual that corresponds to your MySQL server version for the right syntax to use near 'AND questionId = '1'' at line 1' in /home/ubuntu/workspace/midterm/api/getAnswers.php:13
Stack trace:
#0 /home/ubuntu/workspace/midterm/api/getAnswers.php(13): PDOStatement->execute(Array)
#1 {main}
  thrown in /home/ubuntu/workspace/midterm/api/getAnswers.php on line 13
[29-Mar-2019 01:50:13 UTC] PHP Fatal error:  Uncaught exception 'PDOException' with message 'SQLSTATE[42000]: Syntax error or access violation: 1064 You have an error in your SQL syntax; check the manual that corresponds to your MySQL server version for the right syntax to use near 'AND questionId = '5'' at line 1' in /home/ubuntu/workspace/midterm/api/getAnswers.php:13
Stack trace:
#0 /home/ubuntu/workspace/midterm/api/getAnswers.php(13): PDOStatement->execute(Array)
#1 {main}
  thrown in /home/ubuntu/workspace/midterm/api/getAnswers.php on line 13
[29-Mar-2019 01:50:16 UTC] PHP Fatal error:  Uncaught exception 'PDOException' with message 'SQLSTATE[42000]: Syntax error or access violation: 1064 You have an error in your SQL syntax; check the manual that corresponds to your MySQL server version for the right syntax to use near 'AND questionId = '5'' at line 1' in /home/ubuntu/workspace/midterm/api/getAnswers.php:13
Stack trace:
#0 /home/ubuntu/workspace/midterm/api/getAnswers.php(13): PDOStatement->execute(Array)
#1 {main}
  thrown in /home/ubuntu/workspace/midterm/api/getAnswers.php on line 13
[29-Mar-2019 01:50:45 UTC] PHP Fatal error:  Uncaught exception 'PDOException' with message 'SQLSTATE[42000]: Syntax error or access violation: 1064 You have an error in your SQL syntax; check the manual that corresponds to your MySQL server version for the right syntax to use near 'AND questionId = '2'' at line 1' in /home/ubuntu/workspace/midterm/api/getAnswers.php:13
Stack trace:
#0 /home/ubuntu/workspace/midterm/api/getAnswers.php(13): PDOStatement->execute(Array)
#1 {main}
  thrown in /home/ubuntu/workspace/midterm/api/getAnswers.php on line 13
[29-Mar-2019 01:50:51 UTC] PHP Fatal error:  Uncaught exception 'PDOException' with message 'SQLSTATE[42000]: Syntax error or access violation: 1064 You have an error in your SQL syntax; check the manual that corresponds to your MySQL server version for the right syntax to use near 'AND questionId = '3'' at line 1' in /home/ubuntu/workspace/midterm/api/getAnswers.php:13
Stack trace:
#0 /home/ubuntu/workspace/midterm/api/getAnswers.php(13): PDOStatement->execute(Array)
#1 {main}
  thrown in /home/ubuntu/workspace/midterm/api/getAnswers.php on line 13
[02-Apr-2019 03:25:43 UTC] PHP Fatal error:  Uncaught exception 'PDOException' with message 'SQLSTATE[42000]: Syntax error or access violation: 1064 You have an error in your SQL syntax; check the manual that corresponds to your MySQL server version for the right syntax to use near 'AND questionId = '3'' at line 1' in /home/ubuntu/workspace/midterm/api/getAnswers.php:13
Stack trace:
#0 /home/ubuntu/workspace/midterm/api/getAnswers.php(13): PDOStatement->execute(Array)
#1 {main}
  thrown in /home/ubuntu/workspace/midterm/api/getAnswers.php on line 13
[02-Apr-2019 03:25:50 UTC] PHP Fatal error:  Uncaught exception 'PDOException' with message 'SQLSTATE[42000]: Syntax error or access violation: 1064 You have an error in your SQL syntax; check the manual that corresponds to your MySQL server version for the right syntax to use near 'AND questionId = '3'' at line 1' in /home/ubuntu/workspace/midterm/api/getAnswers.php:13
Stack trace:
#0 /home/ubuntu/workspace/midterm/api/getAnswers.php(13): PDOStatement->execute(Array)
#1 {main}
  thrown in /home/ubuntu/workspace/midterm/api/getAnswers.php on line 13
[02-Apr-2019 03:27:19 UTC] PHP Fatal error:  Uncaught exception 'PDOException' with message 'SQLSTATE[42000]: Syntax error or access violation: 1064 You have an error in your SQL syntax; check the manual that corresponds to your MySQL server version for the right syntax to use near 'AND questionId = '5'' at line 1' in /home/ubuntu/workspace/midterm/api/getAnswers.php:13
Stack trace:
#0 /home/ubuntu/workspace/midterm/api/getAnswers.php(13): PDOStatement->execute(Array)
#1 {main}
  thrown in /home/ubuntu/workspace/midterm/api/getAnswers.php on line 13
[03-Apr-2019 22:12:43 UTC] PHP Warning:  include(../../cst336/inc/dbConnection.php): failed to open stream: No such file or directory in /home/ubuntu/workspace/cst336/practice/midtermPractice/api/getRandomQuestions.php on line 2
[03-Apr-2019 22:12:43 UTC] PHP Stack trace:
[03-Apr-2019 22:12:43 UTC] PHP   1. {main}() /home/ubuntu/workspace/cst336/practice/midtermPractice/api/getRandomQuestions.php:0
[03-Apr-2019 22:12:43 UTC] PHP Warning:  include(): Failed opening '../../cst336/inc/dbConnection.php' for inclusion (include_path='.:/usr/share/php:/usr/share/pear') in /home/ubuntu/workspace/cst336/practice/midtermPractice/api/getRandomQuestions.php on line 2
[03-Apr-2019 22:12:43 UTC] PHP Stack trace:
[03-Apr-2019 22:12:43 UTC] PHP   1. {main}() /home/ubuntu/workspace/cst336/practice/midtermPractice/api/getRandomQuestions.php:0
[03-Apr-2019 22:12:43 UTC] PHP Fatal error:  Call to undefined function getDatabaseConnection() in /home/ubuntu/workspace/cst336/practice/midtermPractice/api/getRandomQuestions.php on line 3
[03-Apr-2019 22:12:43 UTC] PHP Stack trace:
[03-Apr-2019 22:12:43 UTC] PHP   1. {main}() /home/ubuntu/workspace/cst336/practice/midtermPractice/api/getRandomQuestions.php:0
[03-Apr-2019 22:16:41 UTC] PHP Warning:  include(../../inc/dbConnection.php): failed to open stream: No such file or directory in /home/ubuntu/workspace/cst336/practice/midtermPractice/api/getRandomQuestions.php on line 2
[03-Apr-2019 22:16:41 UTC] PHP Stack trace:
[03-Apr-2019 22:16:41 UTC] PHP   1. {main}() /home/ubuntu/workspace/cst336/practice/midtermPractice/api/getRandomQuestions.php:0
[03-Apr-2019 22:16:41 UTC] PHP Warning:  include(): Failed opening '../../inc/dbConnection.php' for inclusion (include_path='.:/usr/share/php:/usr/share/pear') in /home/ubuntu/workspace/cst336/practice/midtermPractice/api/getRandomQuestions.php on line 2
[03-Apr-2019 22:16:41 UTC] PHP Stack trace:
[03-Apr-2019 22:16:41 UTC] PHP   1. {main}() /home/ubuntu/workspace/cst336/practice/midtermPractice/api/getRandomQuestions.php:0
[03-Apr-2019 22:16:41 UTC] PHP Fatal error:  Call to undefined function getDatabaseConnection() in /home/ubuntu/workspace/cst336/practice/midtermPractice/api/getRandomQuestions.php on line 3
[03-Apr-2019 22:16:41 UTC] PHP Stack trace:
[03-Apr-2019 22:16:41 UTC] PHP   1. {main}() /home/ubuntu/workspace/cst336/practice/midtermPractice/api/getRandomQuestions.php:0
[03-Apr-2019 22:51:20 UTC] PHP Fatal error:  Uncaught exception 'PDOException' with message 'SQLSTATE[42000]: Syntax error or access violation: 1064 You have an error in your SQL syntax; check the manual that corresponds to your MySQL server version for the right syntax to use near 'AND questionId = '1'' at line 1' in /home/ubuntu/workspace/cst336/practice/midtermPractice/api/getAnswers.php:13
Stack trace:
#0 /home/ubuntu/workspace/cst336/practice/midtermPractice/api/getAnswers.php(13): PDOStatement->execute(Array)
#1 {main}
  thrown in /home/ubuntu/workspace/cst336/practice/midtermPractice/api/getAnswers.php on line 13
[03-Apr-2019 22:54:53 UTC] PHP Fatal error:  Uncaught exception 'PDOException' with message 'SQLSTATE[42000]: Syntax error or access violation: 1064 You have an error in your SQL syntax; check the manual that corresponds to your MySQL server version for the right syntax to use near 'AND questionId = NULL' at line 1' in /home/ubuntu/workspace/cst336/practice/midtermPractice/api/getAnswers.php:13
Stack trace:
#0 /home/ubuntu/workspace/cst336/practice/midtermPractice/api/getAnswers.php(13): PDOStatement->execute(Array)
#1 {main}
  thrown in /home/ubuntu/workspace/cst336/practice/midtermPractice/api/getAnswers.php on line 13
